# JRE version: Java(TM) SE Runtime Environment (7.0_71-b14) (build 1.7.0_71-b14)
# Java VM: Java HotSpot(TM) 64-Bit Server VM (24.71-b01 mixed mode windows-amd64 compressed oops)
Heap
 PSYoungGen      total 257536K, used 33K [0x00000000eb000000, 0x00000000ff380000, 0x0000000100000000)
  eden space 187904K, 0% used [0x00000000eb000000,0x00000000eb008768,0x00000000f6780000)
  from space 69632K, 0% used [0x00000000faf80000,0x00000000faf80000,0x00000000ff380000)
  to   space 71680K, 0% used [0x00000000f6780000,0x00000000f6780000,0x00000000fad80000)
 ParOldGen       total 422400K, used 28669K [0x00000000c1000000, 0x00000000dac80000, 0x00000000eb000000)
  object space 422400K, 6% used [0x00000000c1000000,0x00000000c2bff4b8,0x00000000dac80000)
 PSPermGen       total 83968K, used 83967K [0x00000000bbe00000, 0x00000000c1000000, 0x00000000c1000000)
  object space 83968K, 99% used [0x00000000bbe00000,0x00000000c0fffc20,0x00000000c1000000)
GC Heap History (10 events):
Event: 458.709 GC heap before
{Heap before GC invocations=32 (full 8):
 PSYoungGen      total 263168K, used 128K [0x00000000eb000000, 0x00000000ffc00000, 0x0000000100000000)
  eden space 185856K, 0% used [0x00000000eb000000,0x00000000eb000000,0x00000000f6580000)
  from space 77312K, 0% used [0x00000000fb080000,0x00000000fb0a0000,0x00000000ffc00000)
  to   space 76800K, 0% used [0x00000000f6580000,0x00000000f6580000,0x00000000fb080000)
 ParOldGen       total 233984K, used 28657K [0x00000000c1000000, 0x00000000cf480000, 0x00000000eb000000)
  object space 233984K, 12% used [0x00000000c1000000,0x00000000c2bfc608,0x00000000cf480000)
 PSPermGen       total 83968K, used 83967K [0x00000000bbe00000, 0x00000000c1000000, 0x00000000c1000000)
  object space 83968K, 99% used [0x00000000bbe00000,0x00000000c0ffffe0,0x00000000c1000000)
Event: 459.066 GC heap after
Heap after GC invocations=32 (full 8):
 PSYoungGen      total 263168K, used 0K [0x00000000eb000000, 0x00000000ffc00000, 0x0000000100000000)
  eden space 185856K, 0% used [0x00000000eb000000,0x00000000eb000000,0x00000000f6580000)
  from space 77312K, 0% used [0x00000000fb080000,0x00000000fb080000,0x00000000ffc00000)
  to   space 76800K, 0% used [0x00000000f6580000,0x00000000f6580000,0x00000000fb080000)
 ParOldGen       total 288768K, used 28606K [0x00000000c1000000, 0x00000000d2a00000, 0x00000000eb000000)
  object space 288768K, 9% used [0x00000000c1000000,0x00000000c2bef8e0,0x00000000d2a00000)
 PSPermGen       total 83968K, used 83841K [0x00000000bbe00000, 0x00000000c1000000, 0x00000000c1000000)
  object space 83968K, 99% used [0x00000000bbe00000,0x00000000c0fe07f8,0x00000000c1000000)
}
Event: 477.254 GC heap before
{Heap before GC invocations=33 (full 8):
 PSYoungGen      total 263168K, used 4750K [0x00000000eb000000, 0x00000000ffc00000, 0x0000000100000000)
  eden space 185856K, 2% used [0x00000000eb000000,0x00000000eb4a3b48,0x00000000f6580000)
  from space 77312K, 0% used [0x00000000fb080000,0x00000000fb080000,0x00000000ffc00000)
  to   space 76800K, 0% used [0x00000000f6580000,0x00000000f6580000,0x00000000fb080000)
 ParOldGen       total 288768K, used 28606K [0x00000000c1000000, 0x00000000d2a00000, 0x00000000eb000000)
  object space 288768K, 9% used [0x00000000c1000000,0x00000000c2bef8e0,0x00000000d2a00000)
 PSPermGen       total 83968K, used 83967K [0x00000000bbe00000, 0x00000000c1000000, 0x00000000c1000000)
  object space 83968K, 99% used [0x00000000bbe00000,0x00000000c0fffc20,0x00000000c1000000)
Event: 477.258 GC heap after
Heap after GC invocations=33 (full 8):
 PSYoungGen      total 186368K, used 320K [0x00000000eb000000, 0x00000000ff800000, 0x0000000100000000)
  eden space 185856K, 0% used [0x00000000eb000000,0x00000000eb000000,0x00000000f6580000)
  from space 512K, 62% used [0x00000000f6580000,0x00000000f65d0000,0x00000000f6600000)
  to   space 74240K, 0% used [0x00000000faf80000,0x00000000faf80000,0x00000000ff800000)
 ParOldGen       total 288768K, used 28606K [0x00000000c1000000, 0x00000000d2a00000, 0x00000000eb000000)
  object space 288768K, 9% used [0x00000000c1000000,0x00000000c2bef8e0,0x00000000d2a00000)
 PSPermGen       total 83968K, used 83967K [0x00000000bbe00000, 0x00000000c1000000, 0x00000000c1000000)
  object space 83968K, 99% used [0x00000000bbe00000,0x00000000c0fffc20,0x00000000c1000000)
}
Event: 477.258 GC heap before
{Heap before GC invocations=34 (full 9):
 PSYoungGen      total 186368K, used 320K [0x00000000eb000000, 0x00000000ff800000, 0x0000000100000000)
  eden space 185856K, 0% used [0x00000000eb000000,0x00000000eb000000,0x00000000f6580000)
  from space 512K, 62% used [0x00000000f6580000,0x00000000f65d0000,0x00000000f6600000)
  to   space 74240K, 0% used [0x00000000faf80000,0x00000000faf80000,0x00000000ff800000)
 ParOldGen       total 288768K, used 28606K [0x00000000c1000000, 0x00000000d2a00000, 0x00000000eb000000)
  object space 288768K, 9% used [0x00000000c1000000,0x00000000c2bef8e0,0x00000000d2a00000)
 PSPermGen       total 83968K, used 83967K [0x00000000bbe00000, 0x00000000c1000000, 0x00000000c1000000)
  object space 83968K, 99% used [0x00000000bbe00000,0x00000000c0fffc20,0x00000000c1000000)
Event: 477.467 GC heap after
Heap after GC invocations=34 (full 9):
 PSYoungGen      total 186368K, used 0K [0x00000000eb000000, 0x00000000ff800000, 0x0000000100000000)
  eden space 185856K, 0% used [0x00000000eb000000,0x00000000eb000000,0x00000000f6580000)
  from space 512K, 0% used [0x00000000f6580000,0x00000000f6580000,0x00000000f6600000)
  to   space 74240K, 0% used [0x00000000faf80000,0x00000000faf80000,0x00000000ff800000)
 ParOldGen       total 348160K, used 28746K [0x00000000c1000000, 0x00000000d6400000, 0x00000000eb000000)
  object space 348160K, 8% used [0x00000000c1000000,0x00000000c2c129c0,0x00000000d6400000)
 PSPermGen       total 83968K, used 83967K [0x00000000bbe00000, 0x00000000c1000000, 0x00000000c1000000)
  object space 83968K, 99% used [0x00000000bbe00000,0x00000000c0fffc20,0x00000000c1000000)
}
Event: 477.467 GC heap before
{Heap before GC invocations=35 (full 9):
 PSYoungGen      total 186368K, used 0K [0x00000000eb000000, 0x00000000ff800000, 0x0000000100000000)
  eden space 185856K, 0% used [0x00000000eb000000,0x00000000eb000000,0x00000000f6580000)
  from space 512K, 0% used [0x00000000f6580000,0x00000000f6580000,0x00000000f6600000)
  to   space 74240K, 0% used [0x00000000faf80000,0x00000000faf80000,0x00000000ff800000)
 ParOldGen       total 348160K, used 28746K [0x00000000c1000000, 0x00000000d6400000, 0x00000000eb000000)
  object space 348160K, 8% used [0x00000000c1000000,0x00000000c2c129c0,0x00000000d6400000)
 PSPermGen       total 83968K, used 83967K [0x00000000bbe00000, 0x00000000c1000000, 0x00000000c1000000)
  object space 83968K, 99% used [0x00000000bbe00000,0x00000000c0fffc20,0x00000000c1000000)
Event: 477.470 GC heap after
Heap after GC invocations=35 (full 9):
 PSYoungGen      total 257536K, used 0K [0x00000000eb000000, 0x00000000ff380000, 0x0000000100000000)
  eden space 187904K, 0% used [0x00000000eb000000,0x00000000eb000000,0x00000000f6780000)
  from space 69632K, 0% used [0x00000000faf80000,0x00000000faf80000,0x00000000ff380000)
  to   space 71680K, 0% used [0x00000000f6780000,0x00000000f6780000,0x00000000fad80000)
 ParOldGen       total 348160K, used 28746K [0x00000000c1000000, 0x00000000d6400000, 0x00000000eb000000)
  object space 348160K, 8% used [0x00000000c1000000,0x00000000c2c129c0,0x00000000d6400000)
 PSPermGen       total 83968K, used 83967K [0x00000000bbe00000, 0x00000000c1000000, 0x00000000c1000000)
  object space 83968K, 99% used [0x00000000bbe00000,0x00000000c0fffc20,0x00000000c1000000)
}
Event: 477.470 GC heap before
{Heap before GC invocations=36 (full 10):
 PSYoungGen      total 257536K, used 0K [0x00000000eb000000, 0x00000000ff380000, 0x0000000100000000)
  eden space 187904K, 0% used [0x00000000eb000000,0x00000000eb000000,0x00000000f6780000)
  from space 69632K, 0% used [0x00000000faf80000,0x00000000faf80000,0x00000000ff380000)
  to   space 71680K, 0% used [0x00000000f6780000,0x00000000f6780000,0x00000000fad80000)
 ParOldGen       total 348160K, used 28746K [0x00000000c1000000, 0x00000000d6400000, 0x00000000eb000000)
  object space 348160K, 8% used [0x00000000c1000000,0x00000000c2c129c0,0x00000000d6400000)
 PSPermGen       total 83968K, used 83967K [0x00000000bbe00000, 0x00000000c1000000, 0x00000000c1000000)
  object space 83968K, 99% used [0x00000000bbe00000,0x00000000c0fffc20,0x00000000c1000000)
Event: 477.785 GC heap after
Heap after GC invocations=36 (full 10):
 PSYoungGen      total 257536K, used 0K [0x00000000eb000000, 0x00000000ff380000, 0x0000000100000000)
  eden space 187904K, 0% used [0x00000000eb000000,0x00000000eb000000,0x00000000f6780000)
  from space 69632K, 0% used [0x00000000faf80000,0x00000000faf80000,0x00000000ff380000)
  to   space 71680K, 0% used [0x00000000f6780000,0x00000000f6780000,0x00000000fad80000)
 ParOldGen       total 422400K, used 28669K [0x00000000c1000000, 0x00000000dac80000, 0x00000000eb000000)
  object space 422400K, 6% used [0x00000000c1000000,0x00000000c2bff4b8,0x00000000dac80000)
 PSPermGen       total 83968K, used 83967K [0x00000000bbe00000, 0x00000000c1000000, 0x00000000c1000000)
  object space 83968K, 99% used [0x00000000bbe00000,0x00000000c0fffc20,0x00000000c1000000)
}

